文法

    0 $accept: toplevel $end

    1 toplevel: /* 空 */
    2         | toplevel sexp

    3 slist: sexp
    4      | slist sexp

    5 dotpair: '(' slist '.' sexp ')'
    6        | '[' slist '.' sexp ']'

    7 sexp: ATOM
    8     | dotpair
    9     | '(' slist ')'
   10     | '[' slist ']'
   11     | '(' ')'
   12     | '[' ']'


出現位置の規則による終端

$end (0) 0
'(' (40) 5 9 11
')' (41) 5 9 11
'.' (46) 5 6
'[' (91) 6 10 12
']' (93) 6 10 12
error (256)
ATOM (258) 7


出現位置の規則による非終端

$accept (9)
    左辺: 0
toplevel (10)
    左辺: 1 2, 右辺: 0 2
slist (11)
    左辺: 3 4, 右辺: 4 5 6 9 10
dotpair (12)
    左辺: 5 6, 右辺: 8
sexp (13)
    左辺: 7 8 9 10 11 12, 右辺: 2 3 4 5 6


状態 0

    0 $accept: . toplevel $end

    $default  reduce using rule 1 (toplevel)

    toplevel  go to state 1


状態 1

    0 $accept: toplevel . $end
    2 toplevel: toplevel . sexp

    $end  shift, and go to state 2
    ATOM  shift, and go to state 3
    '('   shift, and go to state 4
    '['   shift, and go to state 5

    dotpair  go to state 6
    sexp     go to state 7


状態 2

    0 $accept: toplevel $end .

    $default  accept


状態 3

    7 sexp: ATOM .

    $default  reduce using rule 7 (sexp)


状態 4

    5 dotpair: '(' . slist '.' sexp ')'
    9 sexp: '(' . slist ')'
   11     | '(' . ')'

    ATOM  shift, and go to state 3
    '('   shift, and go to state 4
    ')'   shift, and go to state 8
    '['   shift, and go to state 5

    slist    go to state 9
    dotpair  go to state 6
    sexp     go to state 10


状態 5

    6 dotpair: '[' . slist '.' sexp ']'
   10 sexp: '[' . slist ']'
   12     | '[' . ']'

    ATOM  shift, and go to state 3
    '('   shift, and go to state 4
    '['   shift, and go to state 5
    ']'   shift, and go to state 11

    slist    go to state 12
    dotpair  go to state 6
    sexp     go to state 10


状態 6

    8 sexp: dotpair .

    $default  reduce using rule 8 (sexp)


状態 7

    2 toplevel: toplevel sexp .

    $default  reduce using rule 2 (toplevel)


状態 8

   11 sexp: '(' ')' .

    $default  reduce using rule 11 (sexp)


状態 9

    4 slist: slist . sexp
    5 dotpair: '(' slist . '.' sexp ')'
    9 sexp: '(' slist . ')'

    ATOM  shift, and go to state 3
    '('   shift, and go to state 4
    '.'   shift, and go to state 13
    ')'   shift, and go to state 14
    '['   shift, and go to state 5

    dotpair  go to state 6
    sexp     go to state 15


状態 10

    3 slist: sexp .

    $default  reduce using rule 3 (slist)


状態 11

   12 sexp: '[' ']' .

    $default  reduce using rule 12 (sexp)


状態 12

    4 slist: slist . sexp
    6 dotpair: '[' slist . '.' sexp ']'
   10 sexp: '[' slist . ']'

    ATOM  shift, and go to state 3
    '('   shift, and go to state 4
    '.'   shift, and go to state 16
    '['   shift, and go to state 5
    ']'   shift, and go to state 17

    dotpair  go to state 6
    sexp     go to state 15


状態 13

    5 dotpair: '(' slist '.' . sexp ')'

    ATOM  shift, and go to state 3
    '('   shift, and go to state 4
    '['   shift, and go to state 5

    dotpair  go to state 6
    sexp     go to state 18


状態 14

    9 sexp: '(' slist ')' .

    $default  reduce using rule 9 (sexp)


状態 15

    4 slist: slist sexp .

    $default  reduce using rule 4 (slist)


状態 16

    6 dotpair: '[' slist '.' . sexp ']'

    ATOM  shift, and go to state 3
    '('   shift, and go to state 4
    '['   shift, and go to state 5

    dotpair  go to state 6
    sexp     go to state 19


状態 17

   10 sexp: '[' slist ']' .

    $default  reduce using rule 10 (sexp)


状態 18

    5 dotpair: '(' slist '.' sexp . ')'

    ')'  shift, and go to state 20


状態 19

    6 dotpair: '[' slist '.' sexp . ']'

    ']'  shift, and go to state 21


状態 20

    5 dotpair: '(' slist '.' sexp ')' .

    $default  reduce using rule 5 (dotpair)


状態 21

    6 dotpair: '[' slist '.' sexp ']' .

    $default  reduce using rule 6 (dotpair)
